<?xml version="1.0" encoding="UTF-8"?>
<testng-results ignored="0" total="1" passed="1" failed="0" skipped="0">
  <reporter-output>
  </reporter-output>
  <suite started-at="2022-06-14T00:12:53 IST" name="Default suite" finished-at="2022-06-14T00:13:43 IST" duration-ms="50835">
    <groups>
    </groups>
    <test started-at="2022-06-14T00:12:53 IST" name="Default test" finished-at="2022-06-14T00:13:43 IST" duration-ms="50835">
      <class name="androidTest.AndroidS9TruckCategoryTest">
        <test-method signature="selectTruckTypes()[pri:0, instance:androidTest.AndroidS9TruckCategoryTest@24fcf36f]" started-at="2022-06-14T00:12:53 IST" name="selectTruckTypes" finished-at="2022-06-14T00:13:43 IST" duration-ms="50679" status="PASS">
          <reporter-output>
          </reporter-output>
        </test-method> <!-- selectTruckTypes -->
      </class> <!-- androidTest.AndroidS9TruckCategoryTest -->
    </test> <!-- Default test -->
  </suite> <!-- Default suite -->
</testng-results>
