<?xml version="1.0" encoding="UTF-8"?>
<testng-results ignored="0" total="1" passed="1" failed="0" skipped="0">
  <reporter-output>
  </reporter-output>
  <suite started-at="2022-05-24T07:01:56 IST" name="Default suite" finished-at="2022-05-24T07:03:12 IST" duration-ms="76578">
    <groups>
    </groups>
    <test started-at="2022-05-24T07:01:56 IST" name="Default test" finished-at="2022-05-24T07:03:12 IST" duration-ms="76578">
      <class name="webTest.WebLoaddetailTest">
        <test-method signature="loaddetails()[pri:0, instance:webTest.WebLoaddetailTest@d6e7bab]" started-at="2022-05-24T07:01:56 IST" name="loaddetails" finished-at="2022-05-24T07:03:12 IST" duration-ms="76475" status="PASS">
          <reporter-output>
          </reporter-output>
        </test-method> <!-- loaddetails -->
      </class> <!-- webTest.WebLoaddetailTest -->
    </test> <!-- Default test -->
  </suite> <!-- Default suite -->
</testng-results>
